<?xml version="1.0" encoding="UTF-8"?>
<!-- Generated by org.testng.reporters.JUnitXMLReporter -->
<testsuite ignored="0" hostname="LAPTOP-RNTFED1U" failures="0" tests="2" name="Validating User login" time="0.045" errors="0" timestamp="2022-01-04T22:44:48 IST">
  <testcase classname="Academy.HomePage" name="@BeforeTest initialize" time="0.006">
    <failure type="java.io.FileNotFoundException" message="C:\Users\91700\OneDrive\Desktop\E2EProject\src\main\java\resources\data.properties (The system cannot find the path specified)">
      <![CDATA[java.io.FileNotFoundException: C:\Users\91700\OneDrive\Desktop\E2EProject\src\main\java\resources\data.properties (The system cannot find the path specified)
at java.base/java.io.FileInputStream.open0(Native Method)
at java.base/java.io.FileInputStream.open(FileInputStream.java:216)
at java.base/java.io.FileInputStream.<init>(FileInputStream.java:157)
at java.base/java.io.FileInputStream.<init>(FileInputStream.java:111)
at resources.base.initializeDriver(base.java:25)
at Academy.HomePage.initialize(HomePage.java:25)
... Removed 24 stack frames]]>
    </failure>
  </testcase> <!-- @BeforeTest initialize -->
  <testcase classname="Academy.HomePage" name="@AfterTest teardown" time="-1.6413164886E9">
    <skipped/>
  </testcase> <!-- @AfterTest teardown -->
  <testcase classname="Academy.HomePage" name="basePageNavigation" time="0.0">
    <skipped/>
  </testcase> <!-- basePageNavigation -->
  <testcase classname="Academy.HomePage" name="basePageNavigation" time="0.0">
    <skipped/>
  </testcase> <!-- basePageNavigation -->
</testsuite> <!-- Validating User login -->
