<?xml version="1.0" encoding="UTF-8"?>
<testng-results ignored="0" total="1" passed="1" failed="0" skipped="0">
  <reporter-output>
  </reporter-output>
  <suite started-at="2022-01-07T01:16:29 IST" name="Default suite" finished-at="2022-01-07T01:16:36 IST" duration-ms="6991">
    <groups>
    </groups>
    <test started-at="2022-01-07T01:16:29 IST" name="Default test" finished-at="2022-01-07T01:16:36 IST" duration-ms="6991">
      <class name="Academy.validateNavigationBar">
        <test-method is-config="true" signature="initialize()[pri:0, instance:Academy.validateNavigationBar@65aa6596]" started-at="2022-01-07T01:16:29 IST" name="initialize" finished-at="2022-01-07T01:16:36 IST" duration-ms="6845" status="PASS">
          <reporter-output>
          </reporter-output>
        </test-method> <!-- initialize -->
        <test-method signature="validateAppNavBar()[pri:0, instance:Academy.validateNavigationBar@65aa6596]" started-at="2022-01-07T01:16:36 IST" name="validateAppNavBar" finished-at="2022-01-07T01:16:36 IST" duration-ms="48" status="PASS">
          <reporter-output>
          </reporter-output>
        </test-method> <!-- validateAppNavBar -->
        <test-method is-config="true" signature="teardown()[pri:0, instance:Academy.validateNavigationBar@65aa6596]" started-at="2022-01-07T01:16:36 IST" name="teardown" finished-at="2022-01-07T01:16:36 IST" duration-ms="78" status="PASS">
          <reporter-output>
          </reporter-output>
        </test-method> <!-- teardown -->
      </class> <!-- Academy.validateNavigationBar -->
    </test> <!-- Default test -->
  </suite> <!-- Default suite -->
</testng-results>
